<?xml version="1.0" encoding="UTF-8"?>
<!-- Generated by org.testng.reporters.JUnitReportReporter -->
<testsuite hostname="JIM-TI8227" name="TestCases.BookCart_TestCase" tests="1" failures="0" timestamp="25 Oct 2015 03:19:24 GMT" time="35.379" errors="0">
  <testcase name="deleteTocart" time="35.379" classname="TestCases.BookCart_TestCase"/>
</testsuite> <!-- TestCases.BookCart_TestCase -->
